<?xml version="1.0" encoding="UTF-8"?>
<testng-results ignored="0" total="4" passed="4" failed="0" skipped="0">
  <reporter-output>
  </reporter-output>
  <suite started-at="2026-08-19T23:09:00 IST" name="Login Test" finished-at="2026-08-19T23:09:33 IST" duration-ms="33006">
    <groups>
    </groups>
    <test started-at="2026-08-19T23:09:00 IST" name="LoginTests" finished-at="2026-08-19T23:09:33 IST" duration-ms="33006">
      <class name="tests.LoginTests">
        <test-method is-config="true" signature="setupReport()[pri:0, instance:tests.LoginTests@6743e411]" started-at="2026-08-19T23:09:00 IST" name="setupReport" finished-at="2026-08-19T23:09:00 IST" duration-ms="669" status="PASS">
          <reporter-output>
          </reporter-output>
        </test-method> <!-- setupReport -->
        <test-method is-config="true" signature="setup()[pri:0, instance:tests.LoginTests@6743e411]" started-at="2026-08-19T23:09:03 IST" name="setup" finished-at="2026-08-19T23:09:10 IST" duration-ms="7435" status="PASS">
          <reporter-output>
          </reporter-output>
        </test-method> <!-- setup -->
        <test-method signature="verifyLogin(java.lang.String,java.lang.String)[pri:0, instance:tests.LoginTests@6743e411]" started-at="2026-08-19T23:09:10 IST" name="verifyLogin" data-provider="loginData" finished-at="2026-08-19T23:09:14 IST" duration-ms="4025" status="PASS">
          <params>
            <param index="0">
              <value>
                <![CDATA[user1]]>
              </value>
            </param>
            <param index="1">
              <value>
                <![CDATA[pass1]]>
              </value>
            </param>
          </params>
          <reporter-output>
          </reporter-output>
        </test-method> <!-- verifyLogin -->
        <test-method is-config="true" signature="tearDown(org.testng.ITestResult)[pri:0, instance:tests.LoginTests@6743e411]" started-at="2026-08-19T23:09:14 IST" name="tearDown" finished-at="2026-08-19T23:09:14 IST" duration-ms="348" status="PASS">
          <params>
            <param index="0">
              <value>
                <![CDATA[[TestResult name=verifyLogin status=SUCCESS method=LoginTests.verifyLogin(java.lang.String,java.lang.String)[pri:0, instance:tests.LoginTests@6743e411] output={null}]]]>
              </value>
            </param>
          </params>
          <reporter-output>
          </reporter-output>
        </test-method> <!-- tearDown -->
        <test-method is-config="true" signature="setup()[pri:0, instance:tests.LoginTests@6743e411]" started-at="2026-08-19T23:09:14 IST" name="setup" finished-at="2026-08-19T23:09:18 IST" duration-ms="4107" status="PASS">
          <reporter-output>
          </reporter-output>
        </test-method> <!-- setup -->
        <test-method signature="verifyLogin(java.lang.String,java.lang.String)[pri:0, instance:tests.LoginTests@6743e411]" started-at="2026-08-19T23:09:18 IST" name="verifyLogin" data-provider="loginData" finished-at="2026-08-19T23:09:20 IST" duration-ms="1556" status="PASS">
          <params>
            <param index="0">
              <value>
                <![CDATA[user2]]>
              </value>
            </param>
            <param index="1">
              <value>
                <![CDATA[pass2]]>
              </value>
            </param>
          </params>
          <reporter-output>
          </reporter-output>
        </test-method> <!-- verifyLogin -->
        <test-method is-config="true" signature="tearDown(org.testng.ITestResult)[pri:0, instance:tests.LoginTests@6743e411]" started-at="2026-08-19T23:09:20 IST" name="tearDown" finished-at="2026-08-19T23:09:20 IST" duration-ms="437" status="PASS">
          <params>
            <param index="0">
              <value>
                <![CDATA[[TestResult name=verifyLogin status=SUCCESS method=LoginTests.verifyLogin(java.lang.String,java.lang.String)[pri:0, instance:tests.LoginTests@6743e411] output={null}]]]>
              </value>
            </param>
          </params>
          <reporter-output>
          </reporter-output>
        </test-method> <!-- tearDown -->
        <test-method is-config="true" signature="setup()[pri:0, instance:tests.LoginTests@6743e411]" started-at="2026-08-19T23:09:20 IST" name="setup" finished-at="2026-08-19T23:09:24 IST" duration-ms="3915" status="PASS">
          <reporter-output>
          </reporter-output>
        </test-method> <!-- setup -->
        <test-method signature="verifyLogin(java.lang.String,java.lang.String)[pri:0, instance:tests.LoginTests@6743e411]" started-at="2026-08-19T23:09:24 IST" name="verifyLogin" data-provider="loginData" finished-at="2026-08-19T23:09:26 IST" duration-ms="1951" status="PASS">
          <params>
            <param index="0">
              <value>
                <![CDATA[Admin]]>
              </value>
            </param>
            <param index="1">
              <value>
                <![CDATA[admin123]]>
              </value>
            </param>
          </params>
          <reporter-output>
          </reporter-output>
        </test-method> <!-- verifyLogin -->
        <test-method is-config="true" signature="tearDown(org.testng.ITestResult)[pri:0, instance:tests.LoginTests@6743e411]" started-at="2026-08-19T23:09:26 IST" name="tearDown" finished-at="2026-08-19T23:09:27 IST" duration-ms="319" status="PASS">
          <params>
            <param index="0">
              <value>
                <![CDATA[[TestResult name=verifyLogin status=SUCCESS method=LoginTests.verifyLogin(java.lang.String,java.lang.String)[pri:0, instance:tests.LoginTests@6743e411] output={null}]]]>
              </value>
            </param>
          </params>
          <reporter-output>
          </reporter-output>
        </test-method> <!-- tearDown -->
        <test-method is-config="true" signature="setup()[pri:0, instance:tests.LoginTests@6743e411]" started-at="2026-08-19T23:09:27 IST" name="setup" finished-at="2026-08-19T23:09:31 IST" duration-ms="4521" status="PASS">
          <reporter-output>
          </reporter-output>
        </test-method> <!-- setup -->
        <test-method signature="verifyLoginFunction(java.lang.String,java.lang.String)[pri:0, instance:tests.LoginTests@6743e411]" started-at="2026-08-19T23:09:31 IST" name="verifyLoginFunction" finished-at="2026-08-19T23:09:33 IST" duration-ms="1917" status="PASS">
          <params>
            <param index="0">
              <value>
                <![CDATA[Admin]]>
              </value>
            </param>
            <param index="1">
              <value>
                <![CDATA[admin123]]>
              </value>
            </param>
          </params>
          <reporter-output>
          </reporter-output>
        </test-method> <!-- verifyLoginFunction -->
        <test-method is-config="true" signature="tearDown(org.testng.ITestResult)[pri:0, instance:tests.LoginTests@6743e411]" started-at="2026-08-19T23:09:33 IST" name="tearDown" finished-at="2026-08-19T23:09:33 IST" duration-ms="281" status="PASS">
          <params>
            <param index="0">
              <value>
                <![CDATA[[TestResult name=verifyLoginFunction status=SUCCESS method=LoginTests.verifyLoginFunction(java.lang.String,java.lang.String)[pri:0, instance:tests.LoginTests@6743e411] output={null}]]]>
              </value>
            </param>
          </params>
          <reporter-output>
          </reporter-output>
        </test-method> <!-- tearDown -->
        <test-method is-config="true" signature="teardownReport()[pri:0, instance:tests.LoginTests@6743e411]" started-at="2026-08-19T23:09:33 IST" name="teardownReport" finished-at="2026-08-19T23:09:34 IST" duration-ms="553" status="PASS">
          <reporter-output>
          </reporter-output>
        </test-method> <!-- teardownReport -->
      </class> <!-- tests.LoginTests -->
    </test> <!-- LoginTests -->
  </suite> <!-- Login Test -->
</testng-results>
